[0m21:51:32.315407 [debug] [MainThread]: Sending event: {'category': 'dbt', 'action': 'invocation', 'label': 'start', 'context': [<snowplow_tracker.self_describing_json.SelfDescribingJson object at 0x7f6800e37c80>, <snowplow_tracker.self_describing_json.SelfDescribingJson object at 0x7f68006ca3f0>, <snowplow_tracker.self_describing_json.SelfDescribingJson object at 0x7f680150e330>]}


============================== 21:51:32.318241 | 393f3f74-9db6-4e98-b7c6-54816ffa77ac ==============================
[0m21:51:32.318241 [info ] [MainThread]: Running with dbt=1.8.4
[0m21:51:32.318982 [debug] [MainThread]: running dbt with arguments {'printer_width': '80', 'indirect_selection': 'eager', 'log_cache_events': 'False', 'write_json': 'True', 'partial_parse': 'True', 'cache_selected_only': 'False', 'warn_error': 'None', 'version_check': 'True', 'debug': 'False', 'log_path': 'logs', 'fail_fast': 'False', 'profiles_dir': '/home/codespace/.dbt', 'use_colors': 'True', 'use_experimental_parser': 'False', 'no_print': 'None', 'quiet': 'False', 'empty': 'None', 'warn_error_options': 'WarnErrorOptions(include=[], exclude=[])', 'static_parser': 'True', 'log_format': 'default', 'introspect': 'True', 'target_path': 'None', 'invocation_command': 'dbt init my_dbt_project', 'send_anonymous_usage_stats': 'True'}
[0m21:51:32.326488 [warn ] [MainThread]: [ConfigFolderDirectory]: Unable to parse dict {'dir': PosixPath('/home/codespace/.dbt')}
[0m21:51:32.327038 [info ] [MainThread]: Creating dbt configuration folder at 
[0m21:51:32.328354 [debug] [MainThread]: Starter project path: /opt/conda/envs/dbt-test/lib/python3.12/site-packages/dbt/include/starter_project
[0m21:51:32.333851 [info ] [MainThread]: 
Your new dbt project "my_dbt_project" was created!

For more information on how to configure the profiles.yml file,
please consult the dbt documentation here:

  https://docs.getdbt.com/docs/configure-your-profile

One more thing:

Need help? Don't hesitate to reach out to us via GitHub issues or on Slack:

  https://community.getdbt.com/

Happy modeling!

[0m21:51:32.334557 [info ] [MainThread]: Setting up your profile.
[0m21:51:50.964119 [info ] [MainThread]: Profile my_dbt_project written to /home/codespace/.dbt/profiles.yml using target's sample configuration. Once updated, you'll be able to start developing with dbt.
[0m21:51:50.965649 [debug] [MainThread]: Resource report: {"command_name": "init", "command_success": true, "command_wall_clock_time": 18.692657, "process_user_time": 1.104185, "process_kernel_time": 0.100016, "process_mem_max_rss": "120984", "process_out_blocks": "72", "process_in_blocks": "0"}
[0m21:51:50.966277 [debug] [MainThread]: Command `dbt init` succeeded at 21:51:50.966164 after 18.69 seconds
[0m21:51:50.966750 [debug] [MainThread]: Sending event: {'category': 'dbt', 'action': 'invocation', 'label': 'end', 'context': [<snowplow_tracker.self_describing_json.SelfDescribingJson object at 0x7f6800463410>, <snowplow_tracker.self_describing_json.SelfDescribingJson object at 0x7f68011761b0>, <snowplow_tracker.self_describing_json.SelfDescribingJson object at 0x7f68003eb710>]}
[0m21:51:50.967232 [debug] [MainThread]: Flushing usage events
